23:13:35.189 [main] INFO  - --------Hovering to bikes---------
23:13:41.690 [main] INFO  - --------Hovering to upcoming bikes---------
23:13:44.991 [main] INFO  - --------View more bikes---------
23:13:45.859 [main] INFO  - -------View Honda bikes---------
23:13:50.152 [main] INFO  - --------Hovering to used cars---------
23:14:07.070 [main] INFO  - --------Signing in to the google---------
23:14:15.588 [main] INFO  - --------Giving the email input---------
23:14:19.239 [main] INFO  - --------Capturing the error message---------
10:12:10.336 [main] INFO  - --------Hovering to bikes---------
10:12:16.227 [main] INFO  - --------Hovering to upcoming bikes---------
10:12:18.643 [main] INFO  - --------View more bikes---------
10:12:18.844 [main] INFO  - -------View Honda bikes---------
10:12:22.237 [main] INFO  - --------Hovering to used cars---------
10:12:32.847 [main] INFO  - --------Signing in to the google---------
10:12:37.017 [main] INFO  - --------Giving the email input---------
10:12:40.109 [main] INFO  - --------Capturing the error message---------
10:13:19.770 [main] INFO  - --------Hovering to bikes---------
10:13:24.534 [main] INFO  - --------Hovering to upcoming bikes---------
10:13:25.820 [main] INFO  - --------View more bikes---------
10:13:26.432 [main] INFO  - -------View Honda bikes---------
10:13:29.835 [main] INFO  - --------Hovering to used cars---------
10:13:38.248 [main] INFO  - --------Signing in to the google---------
10:13:42.200 [main] INFO  - --------Giving the email input---------
10:13:47.880 [main] INFO  - --------Capturing the error message---------
15:09:36.956 [main] INFO  - --------Hovering to bikes---------
15:09:41.415 [main] INFO  - --------Hovering to upcoming bikes---------
15:09:44.679 [main] INFO  - --------View more bikes---------
15:09:44.902 [main] INFO  - -------View Honda bikes---------
15:09:48.415 [main] INFO  - --------Hovering to used cars---------
15:10:02.421 [main] INFO  - --------Signing in to the google---------
15:10:09.865 [main] INFO  - --------Giving the email input---------
15:10:16.935 [main] INFO  - --------Capturing the error message---------
17:07:26.714 [main] INFO  - --------Hovering to bikes---------
17:08:33.788 [main] INFO  - --------Hovering to bikes---------
17:08:50.588 [main] INFO  - --------Hovering to upcoming bikes---------
17:11:42.404 [main] INFO  - --------Hovering to bikes---------
17:11:54.600 [main] INFO  - --------Hovering to upcoming bikes---------
17:14:34.445 [main] INFO  - --------Hovering to bikes---------
17:22:28.038 [main] INFO  - --------Hovering to bikes---------
17:22:30.138 [main] INFO  - --------Hovering to upcoming bikes---------
17:22:31.091 [main] INFO  - --------View more bikes---------
17:22:31.321 [main] INFO  - -------View Honda bikes---------
17:22:34.776 [main] INFO  - --------Hovering to used cars---------
17:23:20.190 [main] INFO  - --------Signing in to the google---------
17:23:23.226 [main] INFO  - --------Giving the email input---------
17:23:26.889 [main] INFO  - --------Capturing the error message---------
21:27:18.311 [main] INFO  - --------Hovering to bikes---------
21:27:56.007 [main] INFO  - --------Hovering to upcoming bikes---------
21:28:46.419 [main] INFO  - --------Hovering to used cars---------
21:29:35.693 [main] INFO  - --------Signing in to the google---------
21:29:40.927 [main] INFO  - --------Giving the email input---------
21:31:36.996 [main] INFO  - --------Hovering to upcoming bikes---------
21:39:26.448 [main] INFO  - --------Hovering to upcoming bikes---------
21:39:29.173 [main] INFO  - --------View more bikes---------
21:39:30.554 [main] INFO  - -------View Honda bikes---------
21:40:32.683 [main] INFO  - --------Hovering to bikes---------
21:41:14.352 [main] INFO  - --------Hovering to upcoming bikes---------
21:41:19.116 [main] INFO  - --------View more bikes---------
21:41:21.346 [main] INFO  - -------View Honda bikes---------
21:41:56.308 [main] INFO  - --------Hovering to used cars---------
21:42:31.684 [main] INFO  - --------Signing in to the google---------
21:42:36.653 [main] INFO  - --------Giving the email input---------
21:43:58.206 [main] INFO  - --------Signing in to the google---------
21:44:03.985 [main] INFO  - --------Giving the email input---------
21:45:21.717 [main] INFO  - --------Signing in to the google---------
21:45:29.777 [main] INFO  - --------Giving the email input---------
21:45:35.920 [main] INFO  - --------Capturing the error message---------
21:46:17.744 [main] INFO  - --------Signing in to the google---------
21:46:22.118 [main] INFO  - --------Giving the email input---------
21:47:18.861 [main] INFO  - --------Signing in to the google---------
21:47:22.694 [main] INFO  - --------Giving the email input---------
21:47:29.116 [main] INFO  - --------Capturing the error message---------
22:14:32.153 [main] INFO  - --------Hovering to bikes---------
22:18:49.087 [main] INFO  - --------Hovering to bikes---------
22:20:31.932 [main] INFO  - --------Hovering to bikes---------
22:23:09.960 [main] INFO  - --------Hovering to bikes---------
22:24:22.854 [main] INFO  - --------Hovering to bikes---------
22:41:40.343 [main] INFO  - --------Hovering to upcoming bikes---------
22:41:42.387 [main] INFO  - --------View more bikes---------
22:41:42.819 [main] INFO  - -------View Honda bikes---------
22:51:42.137 [main] INFO  - --------Hovering to used cars---------
22:52:57.588 [main] INFO  - --------Hovering to used cars---------
23:03:30.951 [main] INFO  - --------Signing in to the google---------
23:03:34.175 [main] INFO  - --------Giving the email input---------
23:04:53.610 [main] INFO  - --------Signing in to the google---------
23:04:57.426 [main] INFO  - --------Giving the email input---------
23:07:03.382 [main] INFO  - --------Signing in to the google---------
23:07:10.419 [main] INFO  - --------Giving the email input---------
23:09:58.564 [main] INFO  - --------Signing in to the google---------
23:10:04.607 [main] INFO  - --------Giving the email input---------
23:25:11.220 [main] INFO  - --------Signing in to the google---------
23:26:00.452 [main] INFO  - --------Giving the email input---------
23:26:18.391 [main] INFO  - --------Capturing the error message---------
23:29:23.743 [main] INFO  - --------Signing in to the google---------
23:30:29.812 [main] INFO  - --------Giving the email input---------
23:30:42.429 [main] INFO  - --------Capturing the error message---------
23:38:29.743 [main] INFO  - --------Signing in to the google---------
23:39:16.564 [main] INFO  - --------Giving the email input---------
23:39:30.282 [main] INFO  - --------Capturing the error message---------
23:46:13.393 [main] INFO  - --------Signing in to the google---------
23:46:59.247 [main] INFO  - --------Giving the email input---------
23:47:25.853 [main] INFO  - --------Capturing the error message---------
23:48:14.972 [main] INFO  - --------Hovering to upcoming bikes---------
23:48:17.686 [main] INFO  - --------View more bikes---------
23:48:18.337 [main] INFO  - -------View Honda bikes---------
23:49:09.721 [main] INFO  - --------Hovering to used cars---------
23:50:10.535 [main] INFO  - --------Hovering to bikes---------
09:02:00.115 [main] INFO  - --------Hovering to bikes---------
09:03:37.391 [main] INFO  - --------Hovering to upcoming bikes---------
09:03:39.404 [main] INFO  - --------View more bikes---------
09:03:41.149 [main] INFO  - -------View Honda bikes---------
09:03:58.982 [main] INFO  - --------Hovering to used cars---------
09:04:51.141 [main] INFO  - --------Signing in to the google---------
09:05:34.993 [main] INFO  - --------Giving the email input---------
09:05:38.767 [main] INFO  - --------Capturing the error message---------
09:07:35.344 [main] INFO  - --------Signing in to the google---------
09:11:00.376 [main] INFO  - --------Hovering to bikes---------
09:11:21.549 [main] INFO  - --------Hovering to upcoming bikes---------
09:11:23.760 [main] INFO  - --------View more bikes---------
09:11:24.806 [main] INFO  - -------View Honda bikes---------
09:11:42.428 [main] INFO  - --------Hovering to used cars---------
09:12:35.675 [main] INFO  - --------Signing in to the google---------
09:13:18.794 [main] INFO  - --------Giving the email input---------
09:13:22.689 [main] INFO  - --------Capturing the error message---------
09:18:20.320 [main] INFO  - --------Hovering to bikes---------
09:19:00.546 [main] INFO  - --------Hovering to upcoming bikes---------
09:19:02.694 [main] INFO  - --------View more bikes---------
09:19:03.648 [main] INFO  - -------View Honda bikes---------
09:19:20.805 [main] INFO  - --------Hovering to used cars---------
09:20:13.803 [main] INFO  - --------Signing in to the google---------
09:20:56.868 [main] INFO  - --------Giving the email input---------
09:21:00.174 [main] INFO  - --------Capturing the error message---------
10:21:51.223 [main] INFO  - --------Hovering to bikes---------
10:22:42.018 [main] INFO  - --------Hovering to upcoming bikes---------
10:22:47.410 [main] INFO  - --------View more bikes---------
10:22:47.838 [main] INFO  - -------View Honda bikes---------
10:23:12.727 [main] INFO  - --------Hovering to used cars---------
10:24:13.393 [main] INFO  - --------Signing in to the google---------
10:24:58.940 [main] INFO  - --------Giving the email input---------
10:25:12.420 [main] INFO  - --------Capturing the error message---------
10:25:44.713 [main] INFO  - --------Hovering to bikes---------
10:26:16.032 [main] INFO  - --------Hovering to upcoming bikes---------
10:26:20.130 [main] INFO  - --------View more bikes---------
10:26:20.540 [main] INFO  - -------View Honda bikes---------
10:26:43.038 [main] INFO  - --------Hovering to used cars---------
10:27:49.172 [main] INFO  - --------Signing in to the google---------
10:28:34.772 [main] INFO  - --------Giving the email input---------
10:28:39.889 [main] INFO  - --------Capturing the error message---------
10:32:30.887 [main] INFO  - --------Hovering to bikes---------
10:33:21.868 [main] INFO  - --------Hovering to used cars---------
10:34:16.851 [main] INFO  - --------Hovering to bikes---------
10:35:48.885 [main] INFO  - --------Hovering to upcoming bikes---------
10:35:50.668 [main] INFO  - --------View more bikes---------
10:35:51.598 [main] INFO  - -------View Honda bikes---------
10:36:07.546 [main] INFO  - --------Hovering to used cars---------
10:37:00.561 [main] INFO  - --------Signing in to the google---------
11:57:14.867 [main] INFO  - --------Hovering to bikes---------
11:58:59.689 [main] INFO  - --------Hovering to bikes---------
12:00:17.574 [main] INFO  - --------Hovering to upcoming bikes---------
12:00:19.886 [main] INFO  - --------View more bikes---------
12:00:20.319 [main] INFO  - -------View Honda bikes---------
12:00:36.805 [main] INFO  - --------Hovering to used cars---------
12:03:29.018 [main] INFO  - --------Hovering to bikes---------
12:04:05.912 [main] INFO  - --------Hovering to upcoming bikes---------
12:04:07.286 [main] INFO  - --------View more bikes---------
12:04:07.703 [main] INFO  - -------View Honda bikes---------
12:04:28.169 [main] INFO  - --------Hovering to used cars---------
12:05:00.396 [main] INFO  - --------Signing in to the google---------
12:05:43.435 [main] INFO  - --------Giving the email input---------
12:06:26.933 [main] INFO  - --------Capturing the error message---------
12:23:59.818 [main] INFO  - --------Hovering to bikes---------
12:25:29.209 [main] INFO  - --------Hovering to bikes---------
12:26:17.550 [main] INFO  - --------Hovering to upcoming bikes---------
12:26:21.287 [main] INFO  - --------View more bikes---------
12:26:22.066 [main] INFO  - -------View Honda bikes---------
12:26:46.508 [main] INFO  - --------Hovering to bikes---------
12:27:15.383 [main] INFO  - --------Hovering to upcoming bikes---------
12:27:18.551 [main] INFO  - --------View more bikes---------
12:27:20.537 [main] INFO  - -------View Honda bikes---------
12:27:40.340 [main] INFO  - --------Hovering to used cars---------
12:28:07.980 [main] INFO  - --------Signing in to the google---------
12:28:54.062 [main] INFO  - --------Giving the email input---------
12:28:59.353 [main] INFO  - --------Capturing the error message---------
12:35:13.681 [main] INFO  - --------Hovering to bikes---------
12:36:26.708 [main] INFO  - --------Hovering to used cars---------
12:36:53.271 [main] INFO  - --------Signing in to the google---------
12:37:38.485 [main] INFO  - --------Giving the email input---------
12:37:44.292 [main] INFO  - --------Capturing the error message---------
12:38:52.828 [main] INFO  - --------Hovering to bikes---------
12:39:19.764 [main] INFO  - --------Hovering to upcoming bikes---------
12:39:22.453 [main] INFO  - --------View more bikes---------
12:39:23.215 [main] INFO  - -------View Honda bikes---------
12:39:44.832 [main] INFO  - --------Hovering to used cars---------
12:40:22.692 [main] INFO  - --------Signing in to the google---------
12:41:09.397 [main] INFO  - --------Giving the email input---------
12:42:26.601 [main] INFO  - --------Hovering to bikes---------
13:41:23.731 [main] INFO  - --------Hovering to bikes---------
13:42:08.908 [main] INFO  - --------Hovering to upcoming bikes---------
13:42:12.679 [main] INFO  - --------View more bikes---------
13:42:14.423 [main] INFO  - -------View Honda bikes---------
13:42:38.081 [main] INFO  - --------Hovering to bikes---------
13:43:09.735 [main] INFO  - --------Hovering to upcoming bikes---------
13:43:12.732 [main] INFO  - --------View more bikes---------
13:43:13.617 [main] INFO  - -------View Honda bikes---------
13:43:36.150 [main] INFO  - --------Hovering to used cars---------
13:44:08.349 [main] INFO  - --------Signing in to the google---------
13:44:55.039 [main] INFO  - --------Giving the email input---------
13:45:00.494 [main] INFO  - --------Capturing the error message---------
13:49:36.817 [main] INFO  - --------Hovering to bikes---------
13:50:03.696 [main] INFO  - --------Hovering to upcoming bikes---------
13:50:06.356 [main] INFO  - --------View more bikes---------
13:50:07.894 [main] INFO  - -------View Honda bikes---------
13:50:29.651 [main] INFO  - --------Hovering to used cars---------
13:51:03.108 [main] INFO  - --------Signing in to the google---------
13:51:47.793 [main] INFO  - --------Giving the email input---------
13:53:11.223 [main] INFO  - --------Hovering to bikes---------
13:53:53.088 [main] INFO  - --------Hovering to upcoming bikes---------
13:53:54.773 [main] INFO  - --------View more bikes---------
13:53:55.748 [main] INFO  - -------View Honda bikes---------
13:54:10.029 [main] INFO  - --------Hovering to used cars---------
13:54:29.886 [main] INFO  - --------Signing in to the google---------
13:55:12.380 [main] INFO  - --------Giving the email input---------
13:55:16.310 [main] INFO  - --------Capturing the error message---------
13:58:19.730 [main] INFO  - --------Hovering to bikes---------
13:59:12.935 [main] INFO  - --------Hovering to upcoming bikes---------
13:59:14.335 [main] INFO  - --------View more bikes---------
13:59:14.743 [main] INFO  - -------View Honda bikes---------
13:59:34.562 [main] INFO  - --------Hovering to bikes---------
13:59:58.006 [main] INFO  - --------Hovering to upcoming bikes---------
13:59:59.267 [main] INFO  - --------View more bikes---------
13:59:59.771 [main] INFO  - -------View Honda bikes---------
14:00:14.813 [main] INFO  - --------Hovering to used cars---------
14:00:42.350 [main] INFO  - --------Signing in to the google---------
14:01:26.454 [main] INFO  - --------Giving the email input---------
14:01:31.410 [main] INFO  - --------Capturing the error message---------
14:03:31.861 [main] INFO  - --------Hovering to used cars---------
14:04:08.198 [main] INFO  - --------Signing in to the google---------
14:05:31.302 [main] INFO  - --------Hovering to used cars---------
14:05:54.149 [main] INFO  - --------Signing in to the google---------
14:06:36.999 [main] INFO  - --------Giving the email input---------
14:06:43.747 [main] INFO  - --------Capturing the error message---------
14:08:02.369 [main] INFO  - --------Hovering to used cars---------
14:08:35.262 [main] INFO  - --------Signing in to the google---------
14:09:18.924 [main] INFO  - --------Giving the email input---------
14:09:25.425 [main] INFO  - --------Capturing the error message---------
14:10:12.168 [main] INFO  - --------Hovering to used cars---------
14:10:59.243 [main] INFO  - --------Hovering to used cars---------
14:11:31.713 [main] INFO  - --------Signing in to the google---------
14:12:15.876 [main] INFO  - --------Giving the email input---------
14:12:21.677 [main] INFO  - --------Capturing the error message---------
14:14:30.308 [main] INFO  - --------Hovering to bikes---------
14:15:20.974 [main] INFO  - --------Hovering to upcoming bikes---------
14:15:23.101 [main] INFO  - --------View more bikes---------
14:15:23.513 [main] INFO  - -------View Honda bikes---------
14:15:49.282 [main] INFO  - --------Hovering to used cars---------
14:16:20.724 [main] INFO  - --------Signing in to the google---------
14:17:03.928 [main] INFO  - --------Giving the email input---------
14:17:08.373 [main] INFO  - --------Capturing the error message---------
13:38:37.917 [main] INFO  - --------Hovering to bikes---------
13:39:39.263 [main] INFO  - --------Hovering to upcoming bikes---------
13:39:41.415 [main] INFO  - --------View more bikes---------
13:39:42.093 [main] INFO  - -------View Honda bikes---------
13:40:04.296 [main] INFO  - --------Hovering to used cars---------
13:41:03.597 [main] INFO  - --------Signing in to the google---------
13:41:47.659 [main] INFO  - --------Giving the email input---------
13:41:51.566 [main] INFO  - --------Capturing the error message---------
13:47:09.233 [main] INFO  - --------Hovering to bikes---------
13:47:41.391 [main] INFO  - --------Hovering to upcoming bikes---------
13:47:44.549 [main] INFO  - --------View more bikes---------
13:47:46.395 [main] INFO  - -------View Honda bikes---------
13:48:15.456 [main] INFO  - --------Hovering to used cars---------
13:49:38.244 [main] INFO  - --------Hovering to used cars---------
14:04:19.603 [main] INFO  - --------Hovering to used cars---------
